#! /c/Source/iverilog-install/bin/vvp
:ivl_version "12.0 (devel)" "(s20150603-1110-g18392a46)";
:ivl_delay_selection "TYPICAL";
:vpi_time_precision + 0;
:vpi_module "C:\iverilog\lib\ivl\system.vpi";
:vpi_module "C:\iverilog\lib\ivl\vhdl_sys.vpi";
:vpi_module "C:\iverilog\lib\ivl\vhdl_textio.vpi";
:vpi_module "C:\iverilog\lib\ivl\v2005_math.vpi";
:vpi_module "C:\iverilog\lib\ivl\va_math.vpi";
S_0000019b32cb63e0 .scope module, "testbench" "testbench" 2 1;
 .timescale 0 0;
v0000019b32cc3f90_0 .var "CLK", 0 0;
v0000019b32cc47b0_0 .var "data1", 7 0;
v0000019b32cc43f0_0 .var/s "data2", 7 0;
v0000019b32cc3d10_0 .net/s "result", 7 0, v0000019b32cc4350_0;  1 drivers
v0000019b32cc42b0_0 .var "select", 2 0;
S_0000019b32ccf0f0 .scope module, "alu1" "alu" 2 8, 2 37 0, S_0000019b32cb63e0;
 .timescale 0 0;
    .port_info 0 /INPUT 8 "DATA1";
    .port_info 1 /INPUT 8 "DATA2";
    .port_info 2 /OUTPUT 8 "RESULT";
    .port_info 3 /INPUT 3 "SELECT";
v0000019b32cc3950_0 .net "DATA1", 7 0, v0000019b32cc47b0_0;  1 drivers
v0000019b32cc3b30_0 .net "DATA2", 7 0, v0000019b32cc43f0_0;  1 drivers
v0000019b32cc4350_0 .var "RESULT", 7 0;
v0000019b32cc3bd0_0 .net "Radd", 7 0, v0000019b32cb79a0_0;  1 drivers
v0000019b32cc3a90_0 .net "Rand", 7 0, v0000019b32c7dea0_0;  1 drivers
v0000019b32cc40d0_0 .net "Rfor", 7 0, v0000019b32cc9f40_0;  1 drivers
v0000019b32cc3c70_0 .net "Ror", 7 0, v0000019b32ccae80_0;  1 drivers
v0000019b32cc4490_0 .net/s "SELECT", 2 0, v0000019b32cc42b0_0;  1 drivers
E_0000019b32c79ac0 .event anyedge, v0000019b32c92ec0_0, v0000019b32ccebf0_0, v0000019b32cc4490_0;
S_0000019b32ccf280 .scope module, "mod0" "forwardmodule" 2 58, 2 66 0, S_0000019b32ccf0f0;
 .timescale 0 0;
    .port_info 0 /INPUT 8 "DATA2";
    .port_info 1 /OUTPUT 8 "RESULT";
v0000019b32c92ec0_0 .net/s "DATA2", 7 0, v0000019b32cc43f0_0;  alias, 1 drivers
v0000019b32cc9f40_0 .var "RESULT", 7 0;
E_0000019b32c7a540 .event anyedge, v0000019b32c92ec0_0;
S_0000019b32ccf410 .scope module, "mod1" "addmodule" 2 59, 2 79 0, S_0000019b32ccf0f0;
 .timescale 0 0;
    .port_info 0 /INPUT 8 "DATA1";
    .port_info 1 /INPUT 8 "DATA2";
    .port_info 2 /OUTPUT 8 "RESULT";
v0000019b32ccebf0_0 .net "DATA1", 7 0, v0000019b32cc47b0_0;  alias, 1 drivers
v0000019b32cb6570_0 .net/s "DATA2", 7 0, v0000019b32cc43f0_0;  alias, 1 drivers
v0000019b32cb79a0_0 .var "RESULT", 7 0;
E_0000019b32c79b80 .event anyedge, v0000019b32c92ec0_0, v0000019b32ccebf0_0;
S_0000019b32c7dbd0 .scope module, "mod2" "andmodule" 2 60, 2 93 0, S_0000019b32ccf0f0;
 .timescale 0 0;
    .port_info 0 /INPUT 8 "DATA1";
    .port_info 1 /INPUT 8 "DATA2";
    .port_info 2 /OUTPUT 8 "RESULT";
v0000019b32c7dd60_0 .net "DATA1", 7 0, v0000019b32cc47b0_0;  alias, 1 drivers
v0000019b32c7de00_0 .net/s "DATA2", 7 0, v0000019b32cc43f0_0;  alias, 1 drivers
v0000019b32c7dea0_0 .var "RESULT", 7 0;
S_0000019b32ccacf0 .scope module, "mod3" "ormodule" 2 61, 2 106 0, S_0000019b32ccf0f0;
 .timescale 0 0;
    .port_info 0 /INPUT 8 "DATA1";
    .port_info 1 /INPUT 8 "DATA2";
    .port_info 2 /OUTPUT 8 "RESULT";
v0000019b32c7df40_0 .net "DATA1", 7 0, v0000019b32cc47b0_0;  alias, 1 drivers
v0000019b32c7dfe0_0 .net/s "DATA2", 7 0, v0000019b32cc43f0_0;  alias, 1 drivers
v0000019b32ccae80_0 .var "RESULT", 7 0;
    .scope S_0000019b32ccf280;
T_0 ;
    %wait E_0000019b32c7a540;
    %delay 1, 0;
    %load/vec4 v0000019b32c92ec0_0;
    %cassign/vec4 v0000019b32cc9f40_0;
    %cassign/link v0000019b32cc9f40_0, v0000019b32c92ec0_0;
    %jmp T_0;
    .thread T_0, $push;
    .scope S_0000019b32ccf410;
T_1 ;
    %wait E_0000019b32c79b80;
    %delay 2, 0;
    %load/vec4 v0000019b32ccebf0_0;
    %load/vec4 v0000019b32cb6570_0;
    %add;
    %store/vec4 v0000019b32cb79a0_0, 0, 8;
    %jmp T_1;
    .thread T_1, $push;
    .scope S_0000019b32c7dbd0;
T_2 ;
    %wait E_0000019b32c79b80;
    %delay 1, 0;
    %load/vec4 v0000019b32c7dd60_0;
    %load/vec4 v0000019b32c7de00_0;
    %and;
    %store/vec4 v0000019b32c7dea0_0, 0, 8;
    %jmp T_2;
    .thread T_2, $push;
    .scope S_0000019b32ccacf0;
T_3 ;
    %wait E_0000019b32c79b80;
    %delay 1, 0;
    %load/vec4 v0000019b32c7df40_0;
    %load/vec4 v0000019b32c7dfe0_0;
    %or;
    %store/vec4 v0000019b32ccae80_0, 0, 8;
    %jmp T_3;
    .thread T_3, $push;
    .scope S_0000019b32ccf0f0;
T_4 ;
    %wait E_0000019b32c79ac0;
    %load/vec4 v0000019b32cc4490_0;
    %dup/vec4;
    %pushi/vec4 0, 0, 3;
    %cmp/u;
    %jmp/1 T_4.0, 6;
    %dup/vec4;
    %pushi/vec4 1, 0, 3;
    %cmp/u;
    %jmp/1 T_4.1, 6;
    %dup/vec4;
    %pushi/vec4 2, 0, 3;
    %cmp/u;
    %jmp/1 T_4.2, 6;
    %dup/vec4;
    %pushi/vec4 3, 0, 3;
    %cmp/u;
    %jmp/1 T_4.3, 6;
    %jmp T_4.4;
T_4.0 ;
    %load/vec4 v0000019b32cc40d0_0;
    %cassign/vec4 v0000019b32cc4350_0;
    %cassign/link v0000019b32cc4350_0, v0000019b32cc40d0_0;
    %jmp T_4.4;
T_4.1 ;
    %load/vec4 v0000019b32cc3bd0_0;
    %cassign/vec4 v0000019b32cc4350_0;
    %cassign/link v0000019b32cc4350_0, v0000019b32cc3bd0_0;
    %jmp T_4.4;
T_4.2 ;
    %load/vec4 v0000019b32cc3a90_0;
    %cassign/vec4 v0000019b32cc4350_0;
    %cassign/link v0000019b32cc4350_0, v0000019b32cc3a90_0;
    %jmp T_4.4;
T_4.3 ;
    %load/vec4 v0000019b32cc3c70_0;
    %cassign/vec4 v0000019b32cc4350_0;
    %cassign/link v0000019b32cc4350_0, v0000019b32cc3c70_0;
    %jmp T_4.4;
T_4.4 ;
    %pop/vec4 1;
    %jmp T_4;
    .thread T_4, $push;
    .scope S_0000019b32cb63e0;
T_5 ;
    %pushi/vec4 0, 0, 3;
    %store/vec4 v0000019b32cc42b0_0, 0, 3;
    %pushi/vec4 1, 0, 1;
    %store/vec4 v0000019b32cc3f90_0, 0, 1;
    %end;
    .thread T_5;
    .scope S_0000019b32cb63e0;
T_6 ;
    %vpi_call 2 13 "$dumpfile", "alu_wavedata.vcd" {0 0 0};
    %vpi_call 2 14 "$dumpvars", 32'sb00000000000000000000000000000000, S_0000019b32cb63e0 {0 0 0};
    %vpi_call 2 16 "$monitor", $time, "  select = %b\011data1: %d\011data2: %d\011result: %d", v0000019b32cc42b0_0, v0000019b32cc47b0_0, v0000019b32cc43f0_0, v0000019b32cc3d10_0 {0 0 0};
    %pushi/vec4 145, 0, 8;
    %store/vec4 v0000019b32cc47b0_0, 0, 8;
    %pushi/vec4 187, 0, 8;
    %store/vec4 v0000019b32cc43f0_0, 0, 8;
    %delay 2, 0;
    %pushi/vec4 1, 0, 3;
    %store/vec4 v0000019b32cc42b0_0, 0, 3;
    %delay 1, 0;
    %pushi/vec4 2, 0, 3;
    %store/vec4 v0000019b32cc42b0_0, 0, 3;
    %delay 1, 0;
    %pushi/vec4 3, 0, 3;
    %store/vec4 v0000019b32cc42b0_0, 0, 3;
    %delay 2, 0;
    %vpi_call 2 28 "$finish" {0 0 0};
    %end;
    .thread T_6;
    .scope S_0000019b32cb63e0;
T_7 ;
    %delay 1, 0;
    %load/vec4 v0000019b32cc3f90_0;
    %inv;
    %store/vec4 v0000019b32cc3f90_0, 0, 1;
    %jmp T_7;
    .thread T_7;
# The file index is used to find the file name in the following table.
:file_names 3;
    "N/A";
    "<interactive>";
    "alu1.v";
